
Rendering: ./about.Rmd
[WARNING] Could not parse YAML metadata at line 4 column 1: not an object
[WARNING] This document format requires a nonempty <title> element.
  Please specify either 'title' or 'pagetitle' in the metadata.
  Falling back to 'about.utf8'

Rendering: ./index.Rmd
[WARNING] This document format requires a nonempty <title> element.
  Please specify either 'title' or 'pagetitle' in the metadata.
  Falling back to 'index.utf8'

Rendering: ./tortoise_comparison.Rmd
[WARNING] Could not parse YAML metadata at line 4 column 1: not an object
[WARNING] This document format requires a nonempty <title> element.
  Please specify either 'title' or 'pagetitle' in the metadata.
  Falling back to 'tortoise_comparison.utf8'

Output created: docs/index.html
Warning message:
`arrange_()` is deprecated as of dplyr 0.7.0.
Please use `arrange()` instead.
See vignette('programming') for more help
This warning is displayed once every 8 hours.
Call `lifecycle::last_warnings()` to see where this warning was generated. 
fatal: could not read Username for 'https://github.com': Device not configured
make: *** [push_site] Error 128
